<?xml version="1.0" encoding="UTF-8"?>
<testng-results ignored="0" total="1" passed="1" failed="0" skipped="0">
  <reporter-output>
  </reporter-output>
  <suite started-at="2026-03-27T17:05:29 IST" name="Default suite" finished-at="2026-03-27T17:05:52 IST" duration-ms="22374">
    <groups>
    </groups>
    <test started-at="2026-03-27T17:05:29 IST" name="Default test" finished-at="2026-03-27T17:05:52 IST" duration-ms="22374">
      <class name="Tests.BookingKolToBang">
        <test-method is-config="true" signature="setupReport()[pri:0, instance:Tests.BookingKolToBang@cb0755b]" started-at="2026-03-27T17:05:29 IST" name="setupReport" finished-at="2026-03-27T17:05:29 IST" duration-ms="483" status="PASS">
          <reporter-output>
          </reporter-output>
        </test-method> <!-- setupReport -->
        <test-method is-config="true" signature="setupTest(java.lang.reflect.Method)[pri:0, instance:Tests.BookingKolToBang@cb0755b]" started-at="2026-03-27T17:05:30 IST" name="setupTest" finished-at="2026-03-27T17:05:32 IST" duration-ms="2990" status="PASS">
          <params>
            <param index="0">
              <value>
                <![CDATA[public void Tests.BookingKolToBang.testBookingFlow() throws java.lang.InterruptedException,java.io.IOException]]>
              </value>
            </param>
          </params>
          <reporter-output>
          </reporter-output>
        </test-method> <!-- setupTest -->
        <test-method signature="testBookingFlow()[pri:0, instance:Tests.BookingKolToBang@cb0755b]" started-at="2026-03-27T17:05:33 IST" name="testBookingFlow" finished-at="2026-03-27T17:05:51 IST" duration-ms="18039" status="PASS">
          <reporter-output>
          </reporter-output>
        </test-method> <!-- testBookingFlow -->
        <test-method is-config="true" signature="tearDown()[pri:0, instance:Tests.BookingKolToBang@cb0755b]" started-at="2026-03-27T17:05:51 IST" name="tearDown" finished-at="2026-03-27T17:05:52 IST" duration-ms="1261" status="PASS">
          <reporter-output>
          </reporter-output>
        </test-method> <!-- tearDown -->
        <test-method is-config="true" signature="tearDown(org.testng.ITestResult)[pri:0, instance:Tests.BookingKolToBang@cb0755b]" started-at="2026-03-27T17:05:52 IST" name="tearDown" finished-at="2026-03-27T17:05:52 IST" duration-ms="0" status="PASS">
          <params>
            <param index="0">
              <value>
                <![CDATA[[TestResult name=testBookingFlow status=SUCCESS method=BookingKolToBang.testBookingFlow()[pri:0, instance:Tests.BookingKolToBang@cb0755b] output={null}]]]>
              </value>
            </param>
          </params>
          <reporter-output>
          </reporter-output>
        </test-method> <!-- tearDown -->
        <test-method is-config="true" signature="tearDownReport()[pri:0, instance:Tests.BookingKolToBang@cb0755b]" started-at="2026-03-27T17:05:52 IST" name="tearDownReport" finished-at="2026-03-27T17:05:52 IST" duration-ms="361" status="PASS">
          <reporter-output>
          </reporter-output>
        </test-method> <!-- tearDownReport -->
      </class> <!-- Tests.BookingKolToBang -->
    </test> <!-- Default test -->
  </suite> <!-- Default suite -->
</testng-results>
