<?xml version="1.0" encoding="UTF-8"?>
<!-- Generated by org.testng.reporters.JUnitReportReporter -->
<testsuite hostname="LAPTOP-DCUBMRE5" failures="0" tests="2" name="Tests.BookingFirstTest" time="291.769" errors="0" timestamp="2026-04-10T14:26:33 IST" skipped="0">
  <testcase classname="Tests.BookingFirstTest" name="firstBookingConfirmation" time="160.534"/>
  <testcase classname="Tests.BookingFirstTest" name="firstBookingConfirmation" time="131.235"/>
</testsuite> <!-- Tests.BookingFirstTest -->
